0 info it worked if it ends with ok
1 verbose cli [ '/usr/local/bin/node', '/usr/local/bin/npm', 'run', 'policy' ]
2 info using npm@4.1.2
3 info using node@v7.7.1
4 verbose run-script [ 'prepolicy', 'policy', 'postpolicy' ]
5 info lifecycle policy_code@1.0.0~prepolicy: policy_code@1.0.0
6 silly lifecycle policy_code@1.0.0~prepolicy: no script for prepolicy, continuing
7 info lifecycle policy_code@1.0.0~policy: policy_code@1.0.0
8 verbose lifecycle policy_code@1.0.0~policy: unsafe-perm in lifecycle true
9 verbose lifecycle policy_code@1.0.0~policy: PATH: /usr/local/lib/node_modules/npm/bin/node-gyp-bin:/Users/leeco/Desktop/project/policygenius/policy_code/node_modules/.bin:/Library/Frameworks/Python.framework/Versions/3.6/bin:/usr/local/bin:/usr/bin:/bin:/usr/sbin:/sbin:/usr/local/mysql/bin:/usr/local/apache-tomcat-7.0.76/bin:/Library/Java/JavaVirtualMachines/jdk1.8.0_25.jdk/Contents/Home/jre/lib/ext:/Users/leeco/android//platform-tools:/Users/leeco/android//tools
10 verbose lifecycle policy_code@1.0.0~policy: CWD: /Users/leeco/Desktop/project/policygenius/policy_code
11 silly lifecycle policy_code@1.0.0~policy: Args: [ '-c', 'node ./config/policy/app.js' ]
12 silly lifecycle policy_code@1.0.0~policy: Returned: code: 1  signal: null
13 info lifecycle policy_code@1.0.0~policy: Failed to exec policy script
14 verbose stack Error: policy_code@1.0.0 policy: `node ./config/policy/app.js`
14 verbose stack Exit status 1
14 verbose stack     at EventEmitter.<anonymous> (/usr/local/lib/node_modules/npm/lib/utils/lifecycle.js:279:16)
14 verbose stack     at emitTwo (events.js:106:13)
14 verbose stack     at EventEmitter.emit (events.js:194:7)
14 verbose stack     at ChildProcess.<anonymous> (/usr/local/lib/node_modules/npm/lib/utils/spawn.js:40:14)
14 verbose stack     at emitTwo (events.js:106:13)
14 verbose stack     at ChildProcess.emit (events.js:194:7)
14 verbose stack     at maybeClose (internal/child_process.js:899:16)
14 verbose stack     at Process.ChildProcess._handle.onexit (internal/child_process.js:226:5)
15 verbose pkgid policy_code@1.0.0
16 verbose cwd /Users/leeco/Desktop/project/policygenius/policy_code
17 error Darwin 15.6.0
18 error argv "/usr/local/bin/node" "/usr/local/bin/npm" "run" "policy"
19 error node v7.7.1
20 error npm  v4.1.2
21 error code ELIFECYCLE
22 error policy_code@1.0.0 policy: `node ./config/policy/app.js`
22 error Exit status 1
23 error Failed at the policy_code@1.0.0 policy script 'node ./config/policy/app.js'.
23 error Make sure you have the latest version of node.js and npm installed.
23 error If you do, this is most likely a problem with the policy_code package,
23 error not with npm itself.
23 error Tell the author that this fails on your system:
23 error     node ./config/policy/app.js
23 error You can get information on how to open an issue for this project with:
23 error     npm bugs policy_code
23 error Or if that isn't available, you can get their info via:
23 error     npm owner ls policy_code
23 error There is likely additional logging output above.
24 verbose exit [ 1, true ]
